=== Start of pet02.log ===
[17:40:07] [Estado.CHK] [CHK] ==============================
[17:40:07] [Estado.CHK] [CHK]    🧪 ESTADO DEL ROBOT
[17:40:07] [Estado.CHK] [CHK] ==============================
[17:40:07] [Estado.CHK] [CHK] PAN cámara:            0.0°
[17:40:07] [Estado.CHK] [CHK] TILT cámara:           0.0°
[17:40:07] [Estado.CHK] [CHK] State wheels:     0
[17:40:07] [Estado.CHK] [CHK] ==============================
[17:40:07] [Estado.IDLE] Inicio del sistema
[17:40:07] [Estado.IDLE] Entrando en IDLE
[17:40:07] [Estado.RESET] CMD STOP
[17:40:07] [Estado.RESET] [SIM] Ejecutado: STOP
[17:40:07] [Estado.RESET] Entrando en RESET
[17:40:07] [Estado.SEARCH] [SIM] Ejecutado: STOP
[17:40:08] [Estado.SEARCH] Det valid=True is_centered=False n=1 w=60 h=284 area=17040 x=30 y=242
[17:40:08] [Estado.SEARCH] Entrando en SEARCH
[17:40:08] [Estado.SEARCH] Paneo → derecha
[17:40:08] [Estado.SEARCH] CMD CAM_PAN_RIGHT
[17:40:08] [Estado.SEARCH] [SIM] Ejecutado: CAM_PAN_RIGHT
[17:40:11] [Estado.SEARCH] Det valid=True is_centered=False n=1 w=32 h=48 area=1536 x=624 y=456
[17:40:11] [Estado.SEARCH] [SIM] Ejecutado: CAM_PAN_RIGHT
[17:40:13] [Estado.SEARCH] Cambio → izquierda
[17:40:13] [Estado.SEARCH] CMD CAM_PAN_LEFT
[17:40:13] [Estado.SEARCH] [SIM] Ejecutado: CAM_PAN_LEFT
[17:40:16] [Estado.SEARCH] Det valid=False is_centered=False n=1 w=0 h=0 area=0 x=320.0 y=240.0
[17:40:16] [Estado.SEARCH] [SIM] Ejecutado: CAM_PAN_LEFT
[17:40:22] [Estado.SEARCH] Cambio → derecha
[17:40:22] [Estado.SEARCH] CMD CAM_PAN_RIGHT
[17:40:22] [Estado.SEARCH] [SIM] Ejecutado: CAM_PAN_RIGHT
[17:40:29] [Estado.SEARCH] Det valid=True is_centered=False n=1 w=40 h=52 area=2080 x=604 y=454
[17:40:29] [Estado.SEARCH] [SIM] Ejecutado: CAM_PAN_RIGHT
[17:40:31] [Estado.SEARCH] Cambio → izquierda
[17:40:31] [Estado.SEARCH] CMD CAM_PAN_LEFT
[17:40:31] [Estado.SEARCH] [SIM] Ejecutado: CAM_PAN_LEFT
[17:40:35] [Estado.SEARCH] Det valid=True is_centered=False n=1 w=36 h=168 area=6048 x=18 y=216
[17:40:35] [Estado.SEARCH] [SIM] Ejecutado: CAM_PAN_LEFT
[17:40:40] [Estado.SEARCH] [SEC] CRITICAL: object < 5.04 cm
[17:40:40] [Estado.RESET] CMD SCAPE
[17:40:40] [Estado.RESET] [SIM] BLOQUEADO (solo imprimir): SCAPE
[17:40:41] [Estado.RESET] Entrando en RESET
[17:40:41] [Estado.SEARCH] CMD STOP
[17:40:41] [Estado.RESET] [SIM] BLOQUEADO (solo imprimir): SCAPE
[17:40:42] [Estado.RESET] Entrando en RESET
[17:40:42] [Estado.SEARCH] [SIM] Ejecutado: STOP
[17:40:42] [Estado.SEARCH] [SEC] CRITICAL: object < 9.26 cm
[17:40:42] [Estado.RESET] CMD SCAPE
[17:40:42] [Estado.RESET] [SIM] BLOQUEADO (solo imprimir): SCAPE
[17:40:43] [Estado.RESET] Entrando en RESET
[17:40:43] [Estado.SEARCH] CMD STOP
[17:40:43] [Estado.RESET] [SIM] BLOQUEADO (solo imprimir): SCAPE
[17:40:43] [Estado.RESET] Entrando en RESET
[17:40:43] [Estado.SEARCH] [SIM] Ejecutado: STOP
[17:40:44] [Estado.SEARCH] CMD CAM_PAN_LEFT
[17:40:44] [Estado.SEARCH] [SIM] Ejecutado: CAM_PAN_LEFT
[17:40:45] [Estado.SEARCH] [SEC] CRITICAL: object < 5.3 cm
[17:40:45] [Estado.RESET] CMD SCAPE
[17:40:45] [Estado.RESET] [SIM] BLOQUEADO (solo imprimir): SCAPE
[17:40:46] [Estado.RESET] Entrando en RESET
[17:40:46] [Estado.SEARCH] CMD STOP
[17:40:46] [Estado.RESET] [SIM] BLOQUEADO (solo imprimir): SCAPE
[17:40:46] [Estado.RESET] Entrando en RESET
[17:40:46] [Estado.RESET] [SIM] BLOQUEADO (solo imprimir): SCAPE
[17:40:47] [Estado.RESET] Entrando en RESET
[17:40:47] [Estado.SEARCH] [SIM] Ejecutado: STOP
[17:40:47] [Estado.SEARCH] CMD CAM_PAN_LEFT
[17:40:47] [Estado.SEARCH] [SIM] Ejecutado: CAM_PAN_LEFT
[17:40:50] [Estado.SEARCH] Det valid=False is_centered=False n=2 w=116 h=180 area=20880 x=150 y=354
[17:40:50] [Estado.SEARCH] [SIM] Ejecutado: CAM_PAN_LEFT
[17:40:51] [Estado.SEARCH] Det valid=True is_centered=False n=2 w=56 h=40 area=2240 x=384 y=280
[17:40:51] [Estado.SEARCH] [SIM] Ejecutado: CAM_PAN_LEFT
[17:40:51] [Estado.SEARCH] [SEC] CRITICAL: object < 16.08 cm
[17:40:51] [Estado.RESET] CMD SCAPE
[17:40:51] [Estado.RESET] [SIM] BLOQUEADO (solo imprimir): SCAPE
[17:40:52] [Estado.RESET] Entrando en RESET
[17:40:52] [Estado.SEARCH] CMD STOP
[17:40:52] [Estado.RESET] [SIM] BLOQUEADO (solo imprimir): SCAPE
[17:40:52] [Estado.RESET] Entrando en RESET
[17:40:52] [Estado.RESET] [SIM] BLOQUEADO (solo imprimir): SCAPE
[17:40:53] [Estado.RESET] Entrando en RESET
[17:40:53] [Estado.SEARCH] [SIM] Ejecutado: STOP
